Logs from your program will appear here!
[
  'C:\\Program Files\\nodejs\\node.exe',
  'E:\\Custom-Git\\codecrafters-git-javascript\\app\\main.js',
  'cat-file',
  '-p',
  'c41e636f622cc0ab8aa3f39b5a31c8cbfe3f575b'
]
Error: ENOENT: no such file or directory, open 'E:\Custom-Git\codecrafters-git-javascript\.git\objects\c4\1e636f622cc0ab8aa3f39b5a31c8cbfe3f575b'
    at Object.openSync (node:fs:573:18)
    at Object.readFileSync (node:fs:452:35)
    at readBlob (E:\Custom-Git\codecrafters-git-javascript\app\main.js:42:24)
    at Object.<anonymous> (E:\Custom-Git\codecrafters-git-javascript\app\main.js:16:5)
    at Module._compile (node:internal/modules/cjs/loader:1358:14)
    at Module._extensions..js (node:internal/modules/cjs/loader:1416:10)
    at Module.load (node:internal/modules/cjs/loader:1208:32)
    at Module._load (node:internal/modules/cjs/loader:1024:12)
    at Function.executeUserEntryPoint [as runMain] (node:internal/modules/run_main:174:12)
    at node:internal/main/run_main_module:28:49 {
  errno: -4058,
  code: 'ENOENT',
  syscall: 'open',
  path: 'E:\\Custom-Git\\codecrafters-git-javascript\\.git\\objects\\c4\\1e636f622cc0ab8aa3f39b5a31c8cbfe3f575b'
}
